<?xml version="1.0" encoding="UTF-8"?>
<!-- Generated by org.testng.reporters.JUnitReportReporter -->
<testsuite hostname="DESKTOP-FMIHVHV" failures="0" tests="2" name="SearchTest" time="0.007" errors="0" timestamp="2021-02-24T17:20:10 MSK" skipped="0">
  <testcase classname="SearchTest" name="openGoogleComInChromeTest" time="0.007"/>
  <system-out/>
  <testcase classname="SearchTest" name="openGoogleComInChromeTest2" time="0.000"/>
  <system-out/>
</testsuite> <!-- SearchTest -->
